{"numFailedTestSuites":0,"numFailedTests":0,"numPassedTestSuites":1,"numPassedTests":3,"numPendingTestSuites":0,"numPendingTests":0,"numRuntimeErrorTestSuites":0,"numTodoTests":0,"numTotalTestSuites":1,"numTotalTests":3,"openHandles":[],"snapshot":{"added":0,"didUpdate":false,"failure":false,"filesAdded":0,"filesRemoved":0,"filesRemovedList":[],"filesUnmatched":0,"filesUpdated":0,"matched":0,"total":0,"unchecked":0,"uncheckedKeysByFile":[],"unmatched":0,"updated":0},"startTime":1606239875713,"success":true,"testResults":[{"assertionResults":[{"ancestorTitles":[],"failureMessages":[],"fullName":"That the base <Button /> can render","location":null,"status":"passed","title":"That the base <Button /> can render"},{"ancestorTitles":[],"failureMessages":[],"fullName":"That the text type renders as expected","location":null,"status":"passed","title":"That the text type renders as expected"},{"ancestorTitles":[],"failureMessages":[],"fullName":"That the submit type renders as expected","location":null,"status":"passed","title":"That the submit type renders as expected"}],"endTime":1606239879575,"message":"","name":"D:\\web\\ecc\\components-library\\lib\\elements\\button\\button.test.js","startTime":1606239877012,"status":"passed","summary":""}],"wasInterrupted":false}