{"numFailedTestSuites":0,"numFailedTests":0,"numPassedTestSuites":10,"numPassedTests":26,"numPendingTestSuites":0,"numPendingTests":0,"numRuntimeErrorTestSuites":0,"numTodoTests":0,"numTotalTestSuites":10,"numTotalTests":26,"openHandles":[],"snapshot":{"added":0,"didUpdate":false,"failure":false,"filesAdded":0,"filesRemoved":0,"filesRemovedList":[],"filesUnmatched":0,"filesUpdated":0,"matched":0,"total":0,"unchecked":0,"uncheckedKeysByFile":[],"unmatched":0,"updated":0},"startTime":1607616983902,"success":true,"testResults":[{"assertionResults":[{"ancestorTitles":[],"failureMessages":[],"fullName":"That the input has correct props","location":null,"status":"passed","title":"That the input has correct props"},{"ancestorTitles":[],"failureMessages":[],"fullName":"That the containing div has correct base class","location":null,"status":"passed","title":"That the containing div has correct base class"},{"ancestorTitles":[],"failureMessages":[],"fullName":"That the containing div has correct class combination","location":null,"status":"passed","title":"That the containing div has correct class combination"},{"ancestorTitles":[],"failureMessages":[],"fullName":"That the label has correct props","location":null,"status":"passed","title":"That the label has correct props"},{"ancestorTitles":[],"failureMessages":[],"fullName":"That it renders children as expected","location":null,"status":"passed","title":"That it renders children as expected"}],"endTime":1607616988544,"message":"","name":"D:\\web\\ecc\\components-library\\lib\\elements\\input\\input.test.js","startTime":1607616985784,"status":"passed","summary":""},{"assertionResults":[{"ancestorTitles":[],"failureMessages":[],"fullName":"That the base link has correct props","location":null,"status":"passed","title":"That the base link has correct props"},{"ancestorTitles":[],"failureMessages":[],"fullName":"That the base external link has correct props","location":null,"status":"passed","title":"That the base external link has correct props"},{"ancestorTitles":[],"failureMessages":[],"fullName":"That the new tab external link has correct props","location":null,"status":"passed","title":"That the new tab external link has correct props"},{"ancestorTitles":[],"failureMessages":[],"fullName":"That the download external link has correct props","location":null,"status":"passed","title":"That the download external link has correct props"}],"endTime":1607616988702,"message":"","name":"D:\\web\\ecc\\components-library\\lib\\elements\\link\\link.test.js","startTime":1607616985772,"status":"passed","summary":""},{"assertionResults":[{"ancestorTitles":[],"failureMessages":[],"fullName":"That the base <Header /> can render correctly","location":null,"status":"passed","title":"That the base <Header /> can render correctly"},{"ancestorTitles":[],"failureMessages":[],"fullName":"That a <Header /> with custom title can render correctly","location":null,"status":"passed","title":"That a <Header /> with custom title can render correctly"},{"ancestorTitles":[],"failureMessages":[],"fullName":"That a <Header /> with navLinks can render correctly","location":null,"status":"passed","title":"That a <Header /> with navLinks can render correctly"}],"endTime":1607616988925,"message":"","name":"D:\\web\\ecc\\components-library\\lib\\components\\header\\header.test.js","startTime":1607616985854,"status":"passed","summary":""},{"assertionResults":[{"ancestorTitles":[],"failureMessages":[],"fullName":"That the base <Button /> can render","location":null,"status":"passed","title":"That the base <Button /> can render"},{"ancestorTitles":[],"failureMessages":[],"fullName":"That the text type renders as expected","location":null,"status":"passed","title":"That the text type renders as expected"},{"ancestorTitles":[],"failureMessages":[],"fullName":"That the submit type renders as expected","location":null,"status":"passed","title":"That the submit type renders as expected"}],"endTime":1607616989206,"message":"","name":"D:\\web\\ecc\\components-library\\lib\\elements\\button\\button.test.js","startTime":1607616988594,"status":"passed","summary":""},{"assertionResults":[{"ancestorTitles":[],"failureMessages":[],"fullName":"That the label has correct props","location":null,"status":"passed","title":"That the label has correct props"},{"ancestorTitles":[],"failureMessages":[],"fullName":"That the dropdown select has correct props","location":null,"status":"passed","title":"That the dropdown select has correct props"}],"endTime":1607616989303,"message":"","name":"D:\\web\\ecc\\components-library\\lib\\elements\\dropdown\\dropdown.test.js","startTime":1607616988746,"status":"passed","summary":""},{"assertionResults":[{"ancestorTitles":[],"failureMessages":[],"fullName":"That the image has correct props","location":null,"status":"passed","title":"That the image has correct props"}],"endTime":1607616989507,"message":"","name":"D:\\web\\ecc\\components-library\\lib\\elements\\image\\image.test.js","startTime":1607616988963,"status":"passed","summary":""},{"assertionResults":[{"ancestorTitles":[],"failureMessages":[],"fullName":"That the embed container has correct class","location":null,"status":"passed","title":"That the embed container has correct class"},{"ancestorTitles":[],"failureMessages":[],"fullName":"That the embed has correct props","location":null,"status":"passed","title":"That the embed has correct props"}],"endTime":1607616989754,"message":"","name":"D:\\web\\ecc\\components-library\\lib\\elements\\embed\\embed.test.js","startTime":1607616989268,"status":"passed","summary":""},{"assertionResults":[{"ancestorTitles":[],"failureMessages":[],"fullName":"That we have a wrapping \"multiple-choice\" class","location":null,"status":"passed","title":"That we have a wrapping \"multiple-choice\" class"},{"ancestorTitles":[],"failureMessages":[],"fullName":"That the input has expected ids/names/values","location":null,"status":"passed","title":"That the input has expected ids/names/values"},{"ancestorTitles":[],"failureMessages":[],"fullName":"That the label has expected for and name","location":null,"status":"passed","title":"That the label has expected for and name"}],"endTime":1607616989786,"message":"","name":"D:\\web\\ecc\\components-library\\lib\\elements\\checkbox\\checkbox.test.js","startTime":1607616989339,"status":"passed","summary":""},{"assertionResults":[{"ancestorTitles":[],"failureMessages":[],"fullName":"That the small content break has correct class","location":null,"status":"passed","title":"That the small content break has correct class"},{"ancestorTitles":[],"failureMessages":[],"fullName":"That the large content break has correct class","location":null,"status":"passed","title":"That the large content break has correct class"}],"endTime":1607616990115,"message":"","name":"D:\\web\\ecc\\components-library\\lib\\elements\\content-break\\contentbreak.test.js","startTime":1607616989543,"status":"passed","summary":""},{"assertionResults":[{"ancestorTitles":[],"failureMessages":[],"fullName":"That the base <Back /> can render correctly","location":null,"status":"passed","title":"That the base <Back /> can render correctly"}],"endTime":1607616990268,"message":"","name":"D:\\web\\ecc\\components-library\\lib\\elements\\back\\back.test.js","startTime":1607616989827,"status":"passed","summary":""}],"wasInterrupted":false}